R version 4.4.3 (2025-02-28)
Platform: x86_64-conda-linux-gnu
Running under: Ubuntu 24.04.1 LTS

Matrix products: default
BLAS/LAPACK: /opt/conda/lib/libopenblasp-r0.3.30.so;  LAPACK version 3.12.0

locale:
 [1] LC_CTYPE=C.UTF-8       LC_NUMERIC=C           LC_TIME=C.UTF-8       
 [4] LC_COLLATE=C.UTF-8     LC_MONETARY=C.UTF-8    LC_MESSAGES=C.UTF-8   
 [7] LC_PAPER=C.UTF-8       LC_NAME=C              LC_ADDRESS=C          
[10] LC_TELEPHONE=C         LC_MEASUREMENT=C.UTF-8 LC_IDENTIFICATION=C   

time zone: NA
tzcode source: system (glibc)

attached base packages:
[1] parallel  stats     graphics  grDevices utils     datasets  methods  
[8] base     

other attached packages:
[1] dupRadar_1.38.0

loaded via a namespace (and not attached):
[1] compiler_4.4.3     Matrix_1.7-3       KernSmooth_2.23-26 grid_4.4.3        
[5] Rsubread_2.20.0    lattice_0.22-7    
