                                 Started job on |	Mar 15 14:18:53
                             Started mapping on |	Mar 15 14:18:53
                                    Finished on |	Mar 15 14:18:56
       Mapping speed, Million of reads per hour |	59.98

                          Number of input reads |	49984
                      Average input read length |	99
                                    UNIQUE READS:
                   Uniquely mapped reads number |	18513
                        Uniquely mapped reads % |	37.04%
                          Average mapped length |	99.02
                       Number of splices: Total |	148
            Number of splices: Annotated (sjdb) |	128
                       Number of splices: GT/AG |	141
                       Number of splices: GC/AG |	0
                       Number of splices: AT/AC |	0
               Number of splices: Non-canonical |	7
                      Mismatch rate per base, % |	0.19%
                         Deletion rate per base |	0.01%
                        Deletion average length |	1.48
                        Insertion rate per base |	0.00%
                       Insertion average length |	1.00
                             MULTI-MAPPING READS:
        Number of reads mapped to multiple loci |	9496
             % of reads mapped to multiple loci |	19.00%
        Number of reads mapped to too many loci |	21740
             % of reads mapped to too many loci |	43.49%
                                  UNMAPPED READS:
  Number of reads unmapped: too many mismatches |	0
       % of reads unmapped: too many mismatches |	0.00%
            Number of reads unmapped: too short |	109
                 % of reads unmapped: too short |	0.22%
                Number of reads unmapped: other |	126
                     % of reads unmapped: other |	0.25%
                                  CHIMERIC READS:
                       Number of chimeric reads |	0
                            % of chimeric reads |	0.00%
