                                 Started job on |	Mar 15 14:18:56
                             Started mapping on |	Mar 15 14:18:57
                                    Finished on |	Mar 15 14:18:59
       Mapping speed, Million of reads per hour |	89.94

                          Number of input reads |	49969
                      Average input read length |	99
                                    UNIQUE READS:
                   Uniquely mapped reads number |	18486
                        Uniquely mapped reads % |	36.99%
                          Average mapped length |	98.97
                       Number of splices: Total |	163
            Number of splices: Annotated (sjdb) |	141
                       Number of splices: GT/AG |	154
                       Number of splices: GC/AG |	1
                       Number of splices: AT/AC |	0
               Number of splices: Non-canonical |	8
                      Mismatch rate per base, % |	0.17%
                         Deletion rate per base |	0.01%
                        Deletion average length |	1.34
                        Insertion rate per base |	0.00%
                       Insertion average length |	1.03
                             MULTI-MAPPING READS:
        Number of reads mapped to multiple loci |	9229
             % of reads mapped to multiple loci |	18.47%
        Number of reads mapped to too many loci |	21958
             % of reads mapped to too many loci |	43.94%
                                  UNMAPPED READS:
  Number of reads unmapped: too many mismatches |	0
       % of reads unmapped: too many mismatches |	0.00%
            Number of reads unmapped: too short |	157
                 % of reads unmapped: too short |	0.31%
                Number of reads unmapped: other |	139
                     % of reads unmapped: other |	0.28%
                                  CHIMERIC READS:
                       Number of chimeric reads |	0
                            % of chimeric reads |	0.00%
